app/build/intermediates/manifest_merge_blame_file/release/manifest-merger-blame-release-report.txt
1<?xml version="1.0" encoding="utf-8"?>
2<manifest xmlns:android="http://schemas.android.com/apk/res/android"
3    package="com.example.flightspacex"
4    android:versionCode="1"
5    android:versionName="1.0" >
6
7    <uses-sdk
8        android:minSdkVersion="23"
8-->src/main/AndroidManifest.xml
9        android:targetSdkVersion="30" />
9-->src/main/AndroidManifest.xml
10
11    <uses-permission android:name="android.permission.INTERNET" />
11-->src/main/AndroidManifest.xml:5:5-67
11-->src/main/AndroidManifest.xml:5:22-64
12    <uses-permission android:name="android.permission.ACCESS_NETWORK_STATE" />
12-->src/main/AndroidManifest.xml:6:5-79
12-->src/main/AndroidManifest.xml:6:22-76
13    <uses-permission android:name="android.permission.ACCESS_FINE_LOCATION" />
13-->src/main/AndroidManifest.xml:7:5-79
13-->src/main/AndroidManifest.xml:7:22-76
14    <uses-permission android:name="android.permission.READ_EXTERNAL_STORAGE" />
14-->src/main/AndroidManifest.xml:8:5-80
14-->src/main/AndroidManifest.xml:8:22-77
15
16    <application
16-->src/main/AndroidManifest.xml:10:5-36:19
17        android:allowBackup="true"
17-->src/main/AndroidManifest.xml:11:9-35
18        android:appComponentFactory="androidx.core.app.CoreComponentFactory"
18-->[androidx.core:core:1.5.0] AndroidManifest.xml:24:18-86
19        android:extractNativeLibs="false"
20        android:icon="@mipmap/ic_launcher"
20-->src/main/AndroidManifest.xml:12:9-43
21        android:label="@string/app_name"
21-->src/main/AndroidManifest.xml:13:9-41
22        android:roundIcon="@mipmap/ic_launcher_round"
22-->src/main/AndroidManifest.xml:14:9-54
23        android:supportsRtl="true"
23-->src/main/AndroidManifest.xml:15:9-35
24        android:theme="@style/Theme.FlightSpaceX"
24-->src/main/AndroidManifest.xml:16:9-50
25        android:usesCleartextTraffic="true" >
25-->src/main/AndroidManifest.xml:17:9-44
26        <activity
26-->src/main/AndroidManifest.xml:18:9-26:20
27            android:name="com.example.flightspacex.activity.MiddleMainActivity"
27-->src/main/AndroidManifest.xml:19:13-56
28            android:exported="true" >
28-->src/main/AndroidManifest.xml:20:13-36
29            <intent-filter>
29-->src/main/AndroidManifest.xml:21:13-25:29
30                <action android:name="android.intent.action.MAIN" />
30-->src/main/AndroidManifest.xml:24:17-69
30-->src/main/AndroidManifest.xml:24:25-66
31            </intent-filter>
32        </activity>
33        <activity
33-->src/main/AndroidManifest.xml:28:9-35:20
34            android:name="com.example.flightspacex.MainActivity"
34-->src/main/AndroidManifest.xml:29:13-41
35            android:exported="true" >
35-->src/main/AndroidManifest.xml:30:13-36
36            <intent-filter>
36-->src/main/AndroidManifest.xml:31:13-34:29
37                <action android:name="android.intent.action.MAIN" />
37-->src/main/AndroidManifest.xml:24:17-69
37-->src/main/AndroidManifest.xml:24:25-66
38
39                <category android:name="android.intent.category.LAUNCHER" />
39-->src/main/AndroidManifest.xml:33:17-77
39-->src/main/AndroidManifest.xml:33:27-74
40            </intent-filter>
41        </activity>
42
43        <provider
43-->[androidx.lifecycle:lifecycle-process:2.2.0] AndroidManifest.xml:25:9-29:43
44            android:name="androidx.lifecycle.ProcessLifecycleOwnerInitializer"
44-->[androidx.lifecycle:lifecycle-process:2.2.0] AndroidManifest.xml:26:13-79
45            android:authorities="com.example.flightspacex.lifecycle-process"
45-->[androidx.lifecycle:lifecycle-process:2.2.0] AndroidManifest.xml:27:13-69
46            android:exported="false"
46-->[androidx.lifecycle:lifecycle-process:2.2.0] AndroidManifest.xml:28:13-37
47            android:multiprocess="true" />
47-->[androidx.lifecycle:lifecycle-process:2.2.0] AndroidManifest.xml:29:13-40
48    </application>
49
50</manifest>